<?xml version="1.0" encoding="UTF-8"?>
<!-- Generated by org.testng.reporters.JUnitReportReporter -->
<testsuite hostname="LAPTOP-HKVMFN8B" failures="0" tests="1" name="vtiger.Practice.ReadDataFromCmdLineTest" time="0.010" errors="0" timestamp="2022-09-16T09:57:06 IST" skipped="0">
  <testcase classname="vtiger.Practice.ReadDataFromCmdLineTest" name="readData" time="0.010"/>
  <system-out/>
</testsuite> <!-- vtiger.Practice.ReadDataFromCmdLineTest -->
